[2022-08-31T16:40:00.872] [DEBUG] cheese - login => username:adimn,password:123456
[2022-08-31T16:40:00.874] [DEBUG] cheese - adimn
[2022-08-31T16:40:00.882] [DEBUG] cheese - null
[2022-08-31T16:40:00.883] [DEBUG] cheese - null
[2022-08-31T16:43:53.797] [DEBUG] cheese - login => username:adimn,password:123456
[2022-08-31T16:43:53.797] [DEBUG] cheese - adimn
[2022-08-31T16:43:53.800] [DEBUG] cheese - null
[2022-08-31T16:43:53.801] [DEBUG] cheese - null
[2022-08-31T16:44:04.712] [DEBUG] cheese - login => username:admin,password:123456
[2022-08-31T16:44:04.713] [DEBUG] cheese - admin
[2022-08-31T16:44:04.716] [DEBUG] cheese - null
[2022-08-31T16:44:04.717] [DEBUG] cheese - null
[2022-08-31T19:50:54.233] [DEBUG] cheese - login => username:123123,password:12312312
[2022-08-31T19:50:54.234] [DEBUG] cheese - 123123
[2022-08-31T19:50:54.249] [DEBUG] cheese - null
[2022-08-31T19:50:54.249] [DEBUG] cheese - null
[2022-08-31T19:52:04.258] [DEBUG] cheese - login => username:123123,password:123123
[2022-08-31T19:52:04.258] [DEBUG] cheese - 123123
[2022-08-31T19:52:04.260] [DEBUG] cheese - null
[2022-08-31T19:52:04.260] [DEBUG] cheese - null
[2022-08-31T19:52:05.480] [DEBUG] cheese - login => username:123123,password:123123
[2022-08-31T19:52:05.480] [DEBUG] cheese - 123123
[2022-08-31T19:52:05.482] [DEBUG] cheese - null
[2022-08-31T19:52:05.482] [DEBUG] cheese - null
[2022-08-31T19:52:31.697] [DEBUG] cheese - login => username:123123,password:123123
[2022-08-31T19:52:31.697] [DEBUG] cheese - 123123
[2022-08-31T19:52:31.698] [DEBUG] cheese - null
[2022-08-31T19:52:31.698] [DEBUG] cheese - null
[2022-08-31T19:52:33.864] [DEBUG] cheese - login => username:123123,password:123123
[2022-08-31T19:52:33.864] [DEBUG] cheese - 123123
[2022-08-31T19:52:33.869] [DEBUG] cheese - null
[2022-08-31T19:52:33.869] [DEBUG] cheese - null
[2022-08-31T19:52:48.621] [DEBUG] cheese - login => username:12312,password:123123
[2022-08-31T19:52:48.621] [DEBUG] cheese - 12312
[2022-08-31T19:52:48.624] [DEBUG] cheese - null
[2022-08-31T19:52:48.624] [DEBUG] cheese - null
[2022-08-31T19:52:56.814] [DEBUG] cheese - login => username:12312,password:123123
[2022-08-31T19:52:56.814] [DEBUG] cheese - 12312
[2022-08-31T19:52:56.816] [DEBUG] cheese - null
[2022-08-31T19:52:56.816] [DEBUG] cheese - null
[2022-08-31T19:53:06.515] [DEBUG] cheese - login => username:12312312,password:312312312
[2022-08-31T19:53:06.515] [DEBUG] cheese - 12312312
[2022-08-31T19:53:06.516] [DEBUG] cheese - null
[2022-08-31T19:53:06.516] [DEBUG] cheese - null
[2022-08-31T19:53:39.107] [DEBUG] cheese - login => username:123123,password:123123
[2022-08-31T19:53:39.107] [DEBUG] cheese - 123123
[2022-08-31T19:53:39.110] [DEBUG] cheese - null
[2022-08-31T19:53:39.110] [DEBUG] cheese - null
[2022-08-31T19:53:46.496] [DEBUG] cheese - login => username:admin,password:123456
[2022-08-31T19:53:46.496] [DEBUG] cheese - admin
[2022-08-31T19:53:46.499] [DEBUG] cheese - null
[2022-08-31T19:53:46.499] [DEBUG] cheese - null
[2022-08-31T19:54:00.342] [DEBUG] cheese - login => username:12312312,password:3123123
[2022-08-31T19:54:00.342] [DEBUG] cheese - 12312312
[2022-08-31T19:54:00.343] [DEBUG] cheese - null
[2022-08-31T19:54:00.344] [DEBUG] cheese - null
[2022-08-31T19:54:01.642] [DEBUG] cheese - login => username:12312312,password:3123123
[2022-08-31T19:54:01.642] [DEBUG] cheese - 12312312
[2022-08-31T19:54:01.643] [DEBUG] cheese - null
[2022-08-31T19:54:01.643] [DEBUG] cheese - null
[2022-08-31T19:57:45.482] [DEBUG] cheese - login => username:12321,password:123213
[2022-08-31T19:57:45.482] [DEBUG] cheese - 12321
[2022-08-31T19:57:45.484] [DEBUG] cheese - null
[2022-08-31T19:57:45.484] [DEBUG] cheese - null
[2022-08-31T19:59:11.360] [DEBUG] cheese - login => username:12321,password:123213
[2022-08-31T19:59:11.360] [DEBUG] cheese - 12321
[2022-08-31T19:59:11.362] [DEBUG] cheese - null
[2022-08-31T19:59:11.362] [DEBUG] cheese - null
[2022-08-31T19:59:19.294] [DEBUG] cheese - login => username:admin,password:123456
[2022-08-31T19:59:19.294] [DEBUG] cheese - admin
[2022-08-31T19:59:19.296] [DEBUG] cheese - null
[2022-08-31T19:59:19.296] [DEBUG] cheese - null
[2022-08-31T19:59:22.386] [DEBUG] cheese - login => username:admin,password:12345
[2022-08-31T19:59:22.386] [DEBUG] cheese - admin
[2022-08-31T19:59:22.389] [DEBUG] cheese - null
[2022-08-31T19:59:22.389] [DEBUG] cheese - null
[2022-08-31T19:59:25.038] [DEBUG] cheese - login => username:admin,password:123456
[2022-08-31T19:59:25.039] [DEBUG] cheese - admin
[2022-08-31T19:59:25.041] [DEBUG] cheese - null
[2022-08-31T19:59:25.041] [DEBUG] cheese - null
[2022-08-31T20:10:44.824] [DEBUG] cheese - login => username:123123,password:123123
[2022-08-31T20:10:44.824] [DEBUG] cheese - 123123
[2022-08-31T20:10:44.825] [DEBUG] cheese - null
[2022-08-31T20:10:44.825] [DEBUG] cheese - null
[2022-08-31T20:10:48.845] [DEBUG] cheese - login => username:admin,password:admin
[2022-08-31T20:10:48.845] [DEBUG] cheese - admin
[2022-08-31T20:10:48.847] [DEBUG] cheese - null
[2022-08-31T20:10:48.847] [DEBUG] cheese - null
[2022-08-31T20:10:52.598] [DEBUG] cheese - login => username:admin,password:123456
[2022-08-31T20:10:52.598] [DEBUG] cheese - admin
[2022-08-31T20:10:52.600] [DEBUG] cheese - null
[2022-08-31T20:10:52.600] [DEBUG] cheese - null
[2022-08-31T20:11:26.112] [DEBUG] cheese - login => username:admin,password:admin
[2022-08-31T20:11:26.112] [DEBUG] cheese - admin
[2022-08-31T20:11:26.114] [DEBUG] cheese - null
[2022-08-31T20:11:26.114] [DEBUG] cheese - null
[2022-08-31T20:11:29.473] [DEBUG] cheese - login => username:admin,password:123456
[2022-08-31T20:11:29.473] [DEBUG] cheese - admin
[2022-08-31T20:11:29.475] [DEBUG] cheese - null
[2022-08-31T20:11:29.475] [DEBUG] cheese - null
[2022-08-31T20:11:40.333] [DEBUG] cheese - login => username:admin,password:123456
[2022-08-31T20:11:40.333] [DEBUG] cheese - admin
[2022-08-31T20:11:40.334] [DEBUG] cheese - null
[2022-08-31T20:11:40.334] [DEBUG] cheese - null
[2022-08-31T20:12:07.748] [DEBUG] cheese - login => username:admin,password:123456
[2022-08-31T20:12:07.748] [DEBUG] cheese - admin
[2022-08-31T20:12:07.749] [DEBUG] cheese - null
[2022-08-31T20:12:07.749] [DEBUG] cheese - null
[2022-08-31T20:16:06.885] [DEBUG] cheese - login => username:admin,password:12341
[2022-08-31T20:16:06.885] [DEBUG] cheese - admin
[2022-08-31T20:16:06.887] [DEBUG] cheese - null
[2022-08-31T20:16:06.887] [DEBUG] cheese - null
[2022-08-31T20:16:12.364] [DEBUG] cheese - login => username:admin,password:123456
[2022-08-31T20:16:12.365] [DEBUG] cheese - admin
[2022-08-31T20:16:12.366] [DEBUG] cheese - null
[2022-08-31T20:16:12.366] [DEBUG] cheese - null
[2022-08-31T20:17:44.320] [DEBUG] cheese - login => username:admin,password:123456
[2022-08-31T20:17:44.321] [DEBUG] cheese - admin
[2022-08-31T20:17:44.323] [DEBUG] cheese - null
[2022-08-31T20:17:44.324] [DEBUG] cheese - null
[2022-08-31T20:18:44.312] [DEBUG] cheese - login => username:admin,password:123456
[2022-08-31T20:18:44.312] [DEBUG] cheese - admin
[2022-08-31T20:18:44.314] [DEBUG] cheese - null
[2022-08-31T20:18:44.314] [DEBUG] cheese - null
[2022-08-31T20:18:56.624] [DEBUG] cheese - login => username:admin,password:123456
[2022-08-31T20:18:56.624] [DEBUG] cheese - admin
[2022-08-31T20:18:56.626] [DEBUG] cheese - null
[2022-08-31T20:18:56.626] [DEBUG] cheese - null
[2022-08-31T20:23:45.251] [DEBUG] cheese - login => username:admin,password:123456
[2022-08-31T20:23:45.251] [DEBUG] cheese - admin
[2022-08-31T20:23:45.253] [DEBUG] cheese - null
[2022-08-31T20:23:45.253] [DEBUG] cheese - null
[2022-08-31T20:24:16.717] [DEBUG] cheese - login => username:admin,password:123456
[2022-08-31T20:24:16.717] [DEBUG] cheese - admin
[2022-08-31T20:24:16.720] [DEBUG] cheese - null
[2022-08-31T20:24:16.720] [DEBUG] cheese - null
[2022-08-31T20:24:28.338] [DEBUG] cheese - login => username:admin,password:123456
[2022-08-31T20:24:28.338] [DEBUG] cheese - admin
[2022-08-31T20:24:28.341] [DEBUG] cheese - null
[2022-08-31T20:24:28.341] [DEBUG] cheese - null
[2022-08-31T20:27:37.469] [DEBUG] cheese - login => username:admin,password:123456
[2022-08-31T20:27:37.469] [DEBUG] cheese - admin
[2022-08-31T20:27:37.472] [DEBUG] cheese - null
[2022-08-31T20:27:37.472] [DEBUG] cheese - null
[2022-08-31T20:36:45.114] [DEBUG] cheese - login => username:admin,password:123456
[2022-08-31T20:36:45.115] [DEBUG] cheese - admin
[2022-08-31T20:36:45.116] [DEBUG] cheese - null
[2022-08-31T20:36:45.116] [DEBUG] cheese - null
[2022-08-31T20:37:24.572] [DEBUG] cheese - login => username:admin,password:123456
[2022-08-31T20:37:24.572] [DEBUG] cheese - admin
[2022-08-31T20:37:24.574] [DEBUG] cheese - null
[2022-08-31T20:37:24.574] [DEBUG] cheese - null
[2022-08-31T20:39:02.217] [DEBUG] cheese - login => username:admin,password:123456
[2022-08-31T20:39:02.217] [DEBUG] cheese - admin
[2022-08-31T20:39:02.218] [DEBUG] cheese - null
[2022-08-31T20:39:02.218] [DEBUG] cheese - null
[2022-08-31T22:19:30.698] [DEBUG] cheese - login => username:admin,password:123456
[2022-08-31T22:19:30.698] [DEBUG] cheese - admin
[2022-08-31T22:19:30.707] [DEBUG] cheese - null
[2022-08-31T22:19:30.707] [DEBUG] cheese - null
[2022-08-31T23:33:46.533] [DEBUG] cheese - login => username:admin,password:123456
[2022-08-31T23:33:46.533] [DEBUG] cheese - admin
[2022-08-31T23:33:46.538] [DEBUG] cheese - null
[2022-08-31T23:33:46.538] [DEBUG] cheese - null
[2022-08-31T23:44:03.998] [DEBUG] cheese - login => username:admin,password:123456
[2022-08-31T23:44:03.998] [DEBUG] cheese - admin
[2022-08-31T23:44:04.000] [DEBUG] cheese - null
[2022-08-31T23:44:04.000] [DEBUG] cheese - null
[2022-08-31T23:44:52.925] [DEBUG] cheese - login => username:admin,password:123456
[2022-08-31T23:44:52.925] [DEBUG] cheese - admin
[2022-08-31T23:44:52.926] [DEBUG] cheese - null
[2022-08-31T23:44:52.926] [DEBUG] cheese - null
[2022-09-01T08:27:31.739] [DEBUG] cheese - login => username:admin,password:123456
[2022-09-01T08:27:31.740] [DEBUG] cheese - admin
[2022-09-01T08:27:31.753] [DEBUG] cheese - null
[2022-09-01T08:27:31.754] [DEBUG] cheese - null
[2022-09-01T10:53:01.032] [DEBUG] cheese - login => username:wahaha,password:wahaha
[2022-09-01T10:53:01.033] [DEBUG] cheese - wahaha
[2022-09-01T10:53:01.035] [DEBUG] cheese - null
[2022-09-01T10:53:01.035] [DEBUG] cheese - null
[2022-09-01T10:53:07.698] [DEBUG] cheese - login => username:admin,password:wahaha
[2022-09-01T10:53:07.699] [DEBUG] cheese - admin
[2022-09-01T10:53:07.701] [DEBUG] cheese - null
[2022-09-01T10:53:07.701] [DEBUG] cheese - null
[2022-09-01T10:53:16.695] [DEBUG] cheese - login => username:admin,password:123456
[2022-09-01T10:53:16.695] [DEBUG] cheese - admin
[2022-09-01T10:53:16.697] [DEBUG] cheese - null
[2022-09-01T10:53:16.697] [DEBUG] cheese - null
[2022-09-01T12:15:54.600] [DEBUG] cheese - login => username:admin,password:123456
[2022-09-01T12:15:54.600] [DEBUG] cheese - admin
[2022-09-01T12:15:54.603] [DEBUG] cheese - null
[2022-09-01T12:15:54.603] [DEBUG] cheese - null
[2022-09-01T14:37:47.872] [DEBUG] cheese - login => username:admin,password:123456
[2022-09-01T14:37:47.872] [DEBUG] cheese - admin
[2022-09-01T14:37:47.874] [DEBUG] cheese - null
[2022-09-01T14:37:47.874] [DEBUG] cheese - null
[2022-09-01T23:35:41.004] [DEBUG] cheese - login => username:admin,password:123456
[2022-09-01T23:35:41.005] [DEBUG] cheese - admin
[2022-09-01T23:35:41.013] [DEBUG] cheese - null
[2022-09-01T23:35:41.014] [DEBUG] cheese - null
[2022-09-02T08:33:56.809] [DEBUG] cheese - login => username:admin,password:123456
[2022-09-02T08:33:56.810] [DEBUG] cheese - admin
[2022-09-02T08:33:56.821] [DEBUG] cheese - null
[2022-09-02T08:33:56.822] [DEBUG] cheese - null
[2022-09-02T08:36:29.835] [DEBUG] cheese - login => username:admin,password:123456
[2022-09-02T08:36:29.835] [DEBUG] cheese - admin
[2022-09-02T08:36:29.837] [DEBUG] cheese - null
[2022-09-02T08:36:29.838] [DEBUG] cheese - null
[2022-09-02T08:37:29.729] [DEBUG] cheese - login => username:wudijimo,password:123456
[2022-09-02T08:37:29.729] [DEBUG] cheese - wudijimo
[2022-09-02T08:37:29.732] [DEBUG] cheese - null
[2022-09-02T08:37:29.732] [DEBUG] cheese - null
[2022-09-02T08:37:32.705] [DEBUG] cheese - login => username:wudijimo,password:123456
[2022-09-02T08:37:32.705] [DEBUG] cheese - wudijimo
[2022-09-02T08:37:32.707] [DEBUG] cheese - null
[2022-09-02T08:37:32.707] [DEBUG] cheese - null
[2022-09-02T08:37:32.884] [DEBUG] cheese - login => username:wudijimo,password:123456
[2022-09-02T08:37:32.884] [DEBUG] cheese - wudijimo
[2022-09-02T08:37:32.886] [DEBUG] cheese - null
[2022-09-02T08:37:32.886] [DEBUG] cheese - null
[2022-09-02T08:37:33.071] [DEBUG] cheese - login => username:wudijimo,password:123456
[2022-09-02T08:37:33.071] [DEBUG] cheese - wudijimo
[2022-09-02T08:37:33.073] [DEBUG] cheese - null
[2022-09-02T08:37:33.073] [DEBUG] cheese - null
[2022-09-02T08:37:33.248] [DEBUG] cheese - login => username:wudijimo,password:123456
[2022-09-02T08:37:33.249] [DEBUG] cheese - wudijimo
[2022-09-02T08:37:33.250] [DEBUG] cheese - null
[2022-09-02T08:37:33.251] [DEBUG] cheese - null
[2022-09-02T08:37:33.432] [DEBUG] cheese - login => username:wudijimo,password:123456
[2022-09-02T08:37:33.432] [DEBUG] cheese - wudijimo
[2022-09-02T08:37:33.435] [DEBUG] cheese - null
[2022-09-02T08:37:33.435] [DEBUG] cheese - null
[2022-09-02T08:37:37.331] [DEBUG] cheese - login => username:wudijimo,password:123456
[2022-09-02T08:37:37.331] [DEBUG] cheese - wudijimo
[2022-09-02T08:37:37.333] [DEBUG] cheese - null
[2022-09-02T08:37:37.333] [DEBUG] cheese - null
[2022-09-02T08:37:37.780] [DEBUG] cheese - login => username:wudijimo,password:123456
[2022-09-02T08:37:37.780] [DEBUG] cheese - wudijimo
[2022-09-02T08:37:37.781] [DEBUG] cheese - null
[2022-09-02T08:37:37.781] [DEBUG] cheese - null
[2022-09-02T08:37:37.948] [DEBUG] cheese - login => username:wudijimo,password:123456
[2022-09-02T08:37:37.948] [DEBUG] cheese - wudijimo
[2022-09-02T08:37:37.950] [DEBUG] cheese - null
[2022-09-02T08:37:37.951] [DEBUG] cheese - null
[2022-09-02T08:37:38.127] [DEBUG] cheese - login => username:wudijimo,password:123456
[2022-09-02T08:37:38.127] [DEBUG] cheese - wudijimo
[2022-09-02T08:37:38.129] [DEBUG] cheese - null
[2022-09-02T08:37:38.129] [DEBUG] cheese - null
[2022-09-02T08:37:38.293] [DEBUG] cheese - login => username:wudijimo,password:123456
[2022-09-02T08:37:38.293] [DEBUG] cheese - wudijimo
[2022-09-02T08:37:38.295] [DEBUG] cheese - null
[2022-09-02T08:37:38.295] [DEBUG] cheese - null
[2022-09-02T08:37:46.237] [DEBUG] cheese - login => username:wudijimo,password:123456
[2022-09-02T08:37:46.237] [DEBUG] cheese - wudijimo
[2022-09-02T08:37:46.240] [DEBUG] cheese - null
[2022-09-02T08:37:46.240] [DEBUG] cheese - null
[2022-09-02T08:37:49.833] [DEBUG] cheese - login => username:wudijimo,password:123456
[2022-09-02T08:37:49.833] [DEBUG] cheese - wudijimo
[2022-09-02T08:37:49.835] [DEBUG] cheese - null
[2022-09-02T08:37:49.835] [DEBUG] cheese - null
[2022-09-02T08:37:56.026] [DEBUG] cheese - login => username:admin,password:123456
[2022-09-02T08:37:56.026] [DEBUG] cheese - admin
[2022-09-02T08:37:56.027] [DEBUG] cheese - null
[2022-09-02T08:37:56.028] [DEBUG] cheese - null
[2022-09-02T14:10:17.675] [DEBUG] cheese - login => username:admin,password:12345
[2022-09-02T14:10:17.675] [DEBUG] cheese - admin
[2022-09-02T14:10:17.677] [DEBUG] cheese - null
[2022-09-02T14:10:17.677] [DEBUG] cheese - null
[2022-09-02T14:10:20.097] [DEBUG] cheese - login => username:admin1,password:12345
[2022-09-02T14:10:20.097] [DEBUG] cheese - admin1
[2022-09-02T14:10:20.098] [DEBUG] cheese - null
[2022-09-02T14:10:20.098] [DEBUG] cheese - null
[2022-09-02T14:10:32.801] [DEBUG] cheese - login => username:admin,password:123456
[2022-09-02T14:10:32.801] [DEBUG] cheese - admin
[2022-09-02T14:10:32.803] [DEBUG] cheese - null
[2022-09-02T14:10:32.804] [DEBUG] cheese - null
[2022-09-02T14:10:44.136] [DEBUG] cheese - login => username:admin1,password:123456
[2022-09-02T14:10:44.136] [DEBUG] cheese - admin1
[2022-09-02T14:10:44.137] [DEBUG] cheese - null
[2022-09-02T14:10:44.137] [DEBUG] cheese - null
[2022-09-02T14:10:50.225] [DEBUG] cheese - login => username:admin,password:123456
[2022-09-02T14:10:50.225] [DEBUG] cheese - admin
[2022-09-02T14:10:50.227] [DEBUG] cheese - null
[2022-09-02T14:10:50.227] [DEBUG] cheese - null
[2022-09-02T20:57:03.759] [DEBUG] cheese - null
[2022-09-02T20:57:53.517] [DEBUG] cheese - null
[2022-09-02T21:01:37.626] [DEBUG] cheese - null
[2022-09-02T21:10:13.014] [DEBUG] cheese - null
[2022-09-02T21:15:03.862] [DEBUG] cheese - null
[2022-09-02T21:15:42.462] [DEBUG] cheese - null
[2022-09-03T09:38:29.335] [DEBUG] cheese - login => username:admin,password:123456
[2022-09-03T09:38:29.336] [DEBUG] cheese - admin
[2022-09-03T09:38:29.350] [DEBUG] cheese - null
[2022-09-03T09:38:29.350] [DEBUG] cheese - null
[2022-09-03T12:28:14.810] [DEBUG] cheese - null
[2022-09-03T17:02:52.807] [DEBUG] cheese - login => username:诸葛村夫1,password:123456
[2022-09-03T17:02:52.807] [DEBUG] cheese - 诸葛村夫1
[2022-09-03T17:02:52.809] [DEBUG] cheese - null
[2022-09-03T17:02:52.809] [DEBUG] cheese - null
[2022-09-03T17:02:54.511] [DEBUG] cheese - null
[2022-09-03T17:02:54.514] [DEBUG] cheese - null
[2022-09-03T17:02:55.035] [DEBUG] cheese - null
[2022-09-03T17:02:55.037] [DEBUG] cheese - null
[2022-09-03T17:02:58.084] [DEBUG] cheese - null
[2022-09-03T17:02:58.086] [DEBUG] cheese - null
[2022-09-03T17:02:58.622] [DEBUG] cheese - null
[2022-09-03T17:02:58.624] [DEBUG] cheese - null
[2022-09-03T17:02:59.226] [DEBUG] cheese - null
[2022-09-03T17:02:59.228] [DEBUG] cheese - null
[2022-09-03T17:03:00.065] [DEBUG] cheese - null
[2022-09-03T17:03:00.068] [DEBUG] cheese - null
[2022-09-03T17:03:01.491] [DEBUG] cheese - null
[2022-09-03T17:03:01.493] [DEBUG] cheese - null
[2022-09-03T17:03:03.216] [DEBUG] cheese - null
[2022-09-03T17:03:03.218] [DEBUG] cheese - null
[2022-09-03T17:03:04.500] [DEBUG] cheese - null
[2022-09-03T17:03:04.502] [DEBUG] cheese - null
[2022-09-03T17:03:05.725] [DEBUG] cheese - null
[2022-09-03T17:03:05.728] [DEBUG] cheese - null
[2022-09-03T17:03:07.051] [DEBUG] cheese - null
[2022-09-03T17:03:07.054] [DEBUG] cheese - null
[2022-09-03T17:03:13.207] [DEBUG] cheese - null
[2022-09-03T17:03:13.209] [DEBUG] cheese - null
[2022-09-03T17:03:36.049] [DEBUG] cheese - null
[2022-09-03T17:03:36.051] [DEBUG] cheese - null
[2022-09-03T17:03:37.090] [DEBUG] cheese - null
[2022-09-03T17:03:37.093] [DEBUG] cheese - null
[2022-09-03T17:03:37.717] [DEBUG] cheese - null
[2022-09-03T17:03:37.719] [DEBUG] cheese - null
[2022-09-03T17:03:38.297] [DEBUG] cheese - null
[2022-09-03T17:03:38.299] [DEBUG] cheese - null
[2022-09-03T17:03:38.804] [DEBUG] cheese - null
[2022-09-03T17:03:38.807] [DEBUG] cheese - null
[2022-09-03T17:03:53.664] [DEBUG] cheese - null
[2022-09-03T17:03:53.666] [DEBUG] cheese - null
[2022-09-03T17:03:55.678] [DEBUG] cheese - null
[2022-09-03T17:03:55.680] [DEBUG] cheese - null
[2022-09-03T17:03:55.693] [DEBUG] cheese - null
[2022-09-03T17:03:55.695] [DEBUG] cheese - null
[2022-09-03T17:03:57.362] [DEBUG] cheese - null
[2022-09-03T17:03:57.365] [DEBUG] cheese - null
[2022-09-03T17:04:09.411] [DEBUG] cheese - null
[2022-09-03T17:04:09.413] [DEBUG] cheese - null
[2022-09-03T17:04:12.163] [DEBUG] cheese - null
[2022-09-03T17:04:12.166] [DEBUG] cheese - null
[2022-09-03T17:04:14.126] [DEBUG] cheese - null
[2022-09-03T17:04:14.129] [DEBUG] cheese - null
[2022-09-03T17:04:15.786] [DEBUG] cheese - null
[2022-09-03T17:04:15.788] [DEBUG] cheese - null
[2022-09-03T17:04:17.305] [DEBUG] cheese - null
[2022-09-03T17:04:17.307] [DEBUG] cheese - null
[2022-09-03T17:04:30.887] [DEBUG] cheese - null
[2022-09-03T17:04:30.888] [DEBUG] cheese - null
[2022-09-03T17:04:32.895] [DEBUG] cheese - null
[2022-09-03T17:04:32.897] [DEBUG] cheese - null
[2022-09-03T17:04:35.848] [DEBUG] cheese - null
[2022-09-03T17:04:35.850] [DEBUG] cheese - null
[2022-09-03T17:04:39.589] [DEBUG] cheese - null
[2022-09-03T17:04:39.591] [DEBUG] cheese - null
[2022-09-03T17:04:40.687] [DEBUG] cheese - null
[2022-09-03T17:04:40.688] [DEBUG] cheese - null
[2022-09-03T17:04:42.769] [DEBUG] cheese - null
[2022-09-03T17:04:42.771] [DEBUG] cheese - null
[2022-09-03T17:04:42.792] [DEBUG] cheese - null
[2022-09-03T17:04:42.794] [DEBUG] cheese - null
[2022-09-03T17:04:47.603] [DEBUG] cheese - null
[2022-09-03T17:04:47.605] [DEBUG] cheese - null
[2022-09-03T17:04:49.738] [DEBUG] cheese - null
[2022-09-03T17:04:49.740] [DEBUG] cheese - null
[2022-09-03T17:04:49.762] [DEBUG] cheese - null
[2022-09-03T17:04:49.764] [DEBUG] cheese - null
[2022-09-03T17:04:59.276] [DEBUG] cheese - null
[2022-09-03T17:04:59.279] [DEBUG] cheese - null
[2022-09-03T17:05:01.866] [DEBUG] cheese - null
[2022-09-03T17:05:01.868] [DEBUG] cheese - null
[2022-09-03T17:05:01.890] [DEBUG] cheese - null
[2022-09-03T17:05:01.891] [DEBUG] cheese - null
[2022-09-03T17:05:15.512] [DEBUG] cheese - null
[2022-09-03T17:05:15.514] [DEBUG] cheese - null
[2022-09-03T17:05:21.098] [DEBUG] cheese - null
[2022-09-03T17:05:21.101] [DEBUG] cheese - null
[2022-09-03T17:05:55.660] [DEBUG] cheese - null
[2022-09-03T17:05:55.661] [DEBUG] cheese - null
[2022-09-03T17:05:55.679] [DEBUG] cheese - null
[2022-09-03T17:05:55.681] [DEBUG] cheese - null
[2022-09-03T17:05:59.733] [DEBUG] cheese - null
[2022-09-03T17:05:59.736] [DEBUG] cheese - null
[2022-09-03T17:06:01.409] [DEBUG] cheese - null
[2022-09-03T17:06:01.412] [DEBUG] cheese - null
[2022-09-03T17:06:03.583] [DEBUG] cheese - null
[2022-09-03T17:06:03.586] [DEBUG] cheese - null
[2022-09-03T17:06:54.893] [DEBUG] cheese - null
[2022-09-03T17:06:54.895] [DEBUG] cheese - null
[2022-09-03T17:06:55.720] [DEBUG] cheese - null
[2022-09-03T17:06:55.722] [DEBUG] cheese - null
[2022-09-03T17:07:15.034] [DEBUG] cheese - null
[2022-09-03T17:07:15.038] [DEBUG] cheese - null
[2022-09-03T17:07:15.569] [DEBUG] cheese - null
[2022-09-03T17:07:15.571] [DEBUG] cheese - null
[2022-09-03T17:07:36.099] [DEBUG] cheese - null
[2022-09-03T17:07:36.103] [DEBUG] cheese - null
[2022-09-03T17:07:42.030] [DEBUG] cheese - null
[2022-09-03T17:07:42.033] [DEBUG] cheese - null
[2022-09-03T17:08:10.257] [DEBUG] cheese - null
[2022-09-03T17:08:10.258] [DEBUG] cheese - null
[2022-09-03T17:08:11.256] [DEBUG] cheese - null
[2022-09-03T17:08:11.258] [DEBUG] cheese - null
[2022-09-03T17:09:00.925] [DEBUG] cheese - null
[2022-09-03T17:09:00.928] [DEBUG] cheese - null
[2022-09-03T17:09:30.601] [DEBUG] cheese - null
[2022-09-03T17:09:30.611] [DEBUG] cheese - null
[2022-09-03T17:09:32.147] [DEBUG] cheese - null
[2022-09-03T17:09:32.150] [DEBUG] cheese - null
[2022-09-03T17:09:32.659] [DEBUG] cheese - null
[2022-09-03T17:09:32.660] [DEBUG] cheese - null
[2022-09-03T17:09:46.560] [DEBUG] cheese - null
[2022-09-03T17:09:46.562] [DEBUG] cheese - null
[2022-09-03T17:10:00.314] [DEBUG] cheese - null
[2022-09-03T17:10:00.317] [DEBUG] cheese - null
[2022-09-03T17:10:01.832] [DEBUG] cheese - null
[2022-09-03T17:10:01.834] [DEBUG] cheese - null
[2022-09-03T17:10:18.355] [DEBUG] cheese - null
[2022-09-03T17:10:18.357] [DEBUG] cheese - null
[2022-09-03T17:11:43.310] [DEBUG] cheese - login => username:admin,password:admin
[2022-09-03T17:11:43.310] [DEBUG] cheese - admin
[2022-09-03T17:11:43.313] [DEBUG] cheese - null
[2022-09-03T17:11:43.313] [DEBUG] cheese - null
[2022-09-03T17:11:47.078] [DEBUG] cheese - login => username:admin,password:123456
[2022-09-03T17:11:47.079] [DEBUG] cheese - admin
[2022-09-03T17:11:47.080] [DEBUG] cheese - null
[2022-09-03T17:11:47.080] [DEBUG] cheese - null
[2022-09-03T17:12:39.231] [DEBUG] cheese - login => username:诸葛村夫1,password:123456
[2022-09-03T17:12:39.232] [DEBUG] cheese - 诸葛村夫1
[2022-09-03T17:12:39.233] [DEBUG] cheese - null
[2022-09-03T17:12:39.233] [DEBUG] cheese - null
[2022-09-03T17:12:43.297] [DEBUG] cheese - null
[2022-09-03T17:12:43.299] [DEBUG] cheese - null
[2022-09-03T17:12:44.570] [DEBUG] cheese - null
[2022-09-03T17:12:44.573] [DEBUG] cheese - null
[2022-09-03T17:12:56.537] [DEBUG] cheese - null
[2022-09-03T17:12:56.539] [DEBUG] cheese - null
[2022-09-03T17:12:59.089] [DEBUG] cheese - null
[2022-09-03T17:12:59.091] [DEBUG] cheese - null
[2022-09-03T17:12:59.675] [DEBUG] cheese - null
[2022-09-03T17:12:59.677] [DEBUG] cheese - null
[2022-09-03T17:13:00.215] [DEBUG] cheese - null
[2022-09-03T17:13:00.217] [DEBUG] cheese - null
[2022-09-03T17:13:00.852] [DEBUG] cheese - null
[2022-09-03T17:13:00.854] [DEBUG] cheese - null
[2022-09-03T17:13:01.303] [DEBUG] cheese - null
[2022-09-03T17:13:01.306] [DEBUG] cheese - null
[2022-09-03T17:13:06.104] [DEBUG] cheese - null
[2022-09-03T17:13:06.107] [DEBUG] cheese - null
[2022-09-03T17:13:42.497] [DEBUG] cheese - null
[2022-09-03T17:13:42.499] [DEBUG] cheese - null
[2022-09-03T17:13:42.990] [DEBUG] cheese - null
[2022-09-03T17:13:42.992] [DEBUG] cheese - null
[2022-09-03T17:13:58.690] [DEBUG] cheese - login => username:admin,password:123456
[2022-09-03T17:13:58.690] [DEBUG] cheese - admin
[2022-09-03T17:13:58.691] [DEBUG] cheese - null
[2022-09-03T17:13:58.691] [DEBUG] cheese - null
[2022-09-03T17:15:24.564] [DEBUG] cheese - login => username:诸葛村夫1,password:123456
[2022-09-03T17:15:24.564] [DEBUG] cheese - 诸葛村夫1
[2022-09-03T17:15:24.565] [DEBUG] cheese - null
[2022-09-03T17:15:24.565] [DEBUG] cheese - null
[2022-09-03T17:15:27.160] [DEBUG] cheese - null
[2022-09-03T17:15:27.162] [DEBUG] cheese - null
[2022-09-03T17:15:29.357] [DEBUG] cheese - null
[2022-09-03T17:15:29.359] [DEBUG] cheese - null
[2022-09-03T17:15:32.047] [DEBUG] cheese - null
[2022-09-03T17:15:32.050] [DEBUG] cheese - null
[2022-09-03T17:15:35.439] [DEBUG] cheese - null
[2022-09-03T17:15:35.440] [DEBUG] cheese - null
[2022-09-03T17:15:36.219] [DEBUG] cheese - null
[2022-09-03T17:15:36.222] [DEBUG] cheese - null
[2022-09-03T17:15:41.422] [DEBUG] cheese - null
[2022-09-03T17:15:41.424] [DEBUG] cheese - null
[2022-09-03T17:15:59.666] [DEBUG] cheese - null
[2022-09-03T17:15:59.669] [DEBUG] cheese - null
[2022-09-03T17:16:06.467] [DEBUG] cheese - null
[2022-09-03T17:16:06.469] [DEBUG] cheese - null
[2022-09-03T17:16:08.064] [DEBUG] cheese - null
[2022-09-03T17:16:08.068] [DEBUG] cheese - null
[2022-09-03T17:16:13.474] [DEBUG] cheese - null
[2022-09-03T17:16:13.476] [DEBUG] cheese - null
[2022-09-03T17:16:29.771] [DEBUG] cheese - login => username:admin,password:123456
[2022-09-03T17:16:29.771] [DEBUG] cheese - admin
[2022-09-03T17:16:29.772] [DEBUG] cheese - null
[2022-09-03T17:16:29.773] [DEBUG] cheese - null
[2022-09-03T17:16:45.049] [DEBUG] cheese - login => username:牛马1号,password:123456
[2022-09-03T17:16:45.049] [DEBUG] cheese - 牛马1号
[2022-09-03T17:16:45.051] [DEBUG] cheese - null
[2022-09-03T17:16:45.051] [DEBUG] cheese - null
[2022-09-03T17:16:46.531] [DEBUG] cheese - null
[2022-09-03T17:16:46.532] [DEBUG] cheese - null
[2022-09-03T17:16:47.714] [DEBUG] cheese - null
[2022-09-03T17:16:47.717] [DEBUG] cheese - null
[2022-09-03T17:16:49.728] [DEBUG] cheese - null
[2022-09-03T17:16:49.730] [DEBUG] cheese - null
[2022-09-03T17:16:49.743] [DEBUG] cheese - null
[2022-09-03T17:16:49.745] [DEBUG] cheese - null
[2022-09-03T17:16:51.296] [DEBUG] cheese - null
[2022-09-03T17:16:51.298] [DEBUG] cheese - null
[2022-09-03T17:16:53.899] [DEBUG] cheese - null
[2022-09-03T17:16:53.902] [DEBUG] cheese - null
[2022-09-03T17:16:54.523] [DEBUG] cheese - null
[2022-09-03T17:16:54.526] [DEBUG] cheese - null
[2022-09-03T17:16:54.544] [DEBUG] cheese - null
[2022-09-03T17:16:54.545] [DEBUG] cheese - null
[2022-09-03T17:16:57.450] [DEBUG] cheese - null
[2022-09-03T17:16:57.452] [DEBUG] cheese - null
[2022-09-03T17:16:59.595] [DEBUG] cheese - null
[2022-09-03T17:16:59.597] [DEBUG] cheese - null
[2022-09-03T17:17:08.777] [DEBUG] cheese - null
[2022-09-03T17:17:08.779] [DEBUG] cheese - null
[2022-09-03T17:17:10.676] [DEBUG] cheese - null
[2022-09-03T17:17:10.678] [DEBUG] cheese - null
[2022-09-03T17:17:18.711] [DEBUG] cheese - null
[2022-09-03T17:17:18.714] [DEBUG] cheese - null
[2022-09-03T17:17:26.026] [DEBUG] cheese - null
[2022-09-03T17:17:26.028] [DEBUG] cheese - null
[2022-09-03T17:17:26.739] [DEBUG] cheese - null
[2022-09-03T17:17:26.741] [DEBUG] cheese - null
[2022-09-03T17:17:27.975] [DEBUG] cheese - null
[2022-09-03T17:17:27.976] [DEBUG] cheese - null
[2022-09-03T17:17:30.026] [DEBUG] cheese - null
[2022-09-03T17:17:30.028] [DEBUG] cheese - null
[2022-09-03T17:17:36.537] [DEBUG] cheese - null
[2022-09-03T17:17:36.539] [DEBUG] cheese - null
[2022-09-03T17:17:41.639] [DEBUG] cheese - null
[2022-09-03T17:17:41.643] [DEBUG] cheese - null
[2022-09-03T17:17:43.964] [DEBUG] cheese - null
[2022-09-03T17:17:43.966] [DEBUG] cheese - null
[2022-09-03T17:17:52.191] [DEBUG] cheese - null
[2022-09-03T17:17:52.195] [DEBUG] cheese - null
[2022-09-03T17:17:58.091] [DEBUG] cheese - login => username:admin,password:123456
[2022-09-03T17:17:58.091] [DEBUG] cheese - admin
[2022-09-03T17:17:58.093] [DEBUG] cheese - null
[2022-09-03T17:17:58.093] [DEBUG] cheese - null
[2022-09-03T17:18:29.674] [DEBUG] cheese - login => username:牛马3号,password:admin
[2022-09-03T17:18:29.674] [DEBUG] cheese - 牛马3号
[2022-09-03T17:18:29.676] [DEBUG] cheese - null
[2022-09-03T17:18:29.676] [DEBUG] cheese - null
[2022-09-03T17:18:30.455] [DEBUG] cheese - login => username:牛马3号,password:admin
[2022-09-03T17:18:30.455] [DEBUG] cheese - 牛马3号
[2022-09-03T17:18:30.457] [DEBUG] cheese - null
[2022-09-03T17:18:30.457] [DEBUG] cheese - null
[2022-09-03T17:18:30.632] [DEBUG] cheese - login => username:牛马3号,password:admin
[2022-09-03T17:18:30.632] [DEBUG] cheese - 牛马3号
[2022-09-03T17:18:30.634] [DEBUG] cheese - null
[2022-09-03T17:18:30.634] [DEBUG] cheese - null
[2022-09-03T17:18:30.812] [DEBUG] cheese - login => username:牛马3号,password:admin
[2022-09-03T17:18:30.812] [DEBUG] cheese - 牛马3号
[2022-09-03T17:18:30.814] [DEBUG] cheese - null
[2022-09-03T17:18:30.814] [DEBUG] cheese - null
[2022-09-03T17:18:30.986] [DEBUG] cheese - login => username:牛马3号,password:admin
[2022-09-03T17:18:30.986] [DEBUG] cheese - 牛马3号
[2022-09-03T17:18:30.987] [DEBUG] cheese - null
[2022-09-03T17:18:30.987] [DEBUG] cheese - null
[2022-09-03T17:18:44.296] [DEBUG] cheese - login => username:admin,password:123456
[2022-09-03T17:18:44.296] [DEBUG] cheese - admin
[2022-09-03T17:18:44.297] [DEBUG] cheese - null
[2022-09-03T17:18:44.297] [DEBUG] cheese - null
[2022-09-03T17:54:43.537] [DEBUG] cheese - login => username:诸葛村夫2,password:123456
[2022-09-03T17:54:43.537] [DEBUG] cheese - 诸葛村夫2
[2022-09-03T17:54:43.539] [DEBUG] cheese - null
[2022-09-03T17:54:43.539] [DEBUG] cheese - null
[2022-09-03T17:55:01.846] [DEBUG] cheese - login => username:linken,password:123456
[2022-09-03T17:55:01.846] [DEBUG] cheese - linken
[2022-09-03T17:55:01.847] [DEBUG] cheese - null
[2022-09-03T17:55:01.847] [DEBUG] cheese - null
[2022-09-03T17:55:03.423] [DEBUG] cheese - null
[2022-09-03T17:55:03.425] [DEBUG] cheese - null
[2022-09-03T17:55:06.871] [DEBUG] cheese - null
[2022-09-03T17:55:06.873] [DEBUG] cheese - null
[2022-09-03T17:55:07.458] [DEBUG] cheese - null
[2022-09-03T17:55:07.460] [DEBUG] cheese - null
[2022-09-03T17:55:10.832] [DEBUG] cheese - null
[2022-09-03T17:55:10.833] [DEBUG] cheese - null
[2022-09-03T17:55:19.455] [DEBUG] cheese - login => username: 诸葛村夫1,password:123456
[2022-09-03T17:55:19.455] [DEBUG] cheese -  诸葛村夫1
[2022-09-03T17:55:19.456] [DEBUG] cheese - null
[2022-09-03T17:55:19.456] [DEBUG] cheese - null
[2022-09-03T17:55:21.264] [DEBUG] cheese - login => username:诸葛村夫1,password:123456
[2022-09-03T17:55:21.265] [DEBUG] cheese - 诸葛村夫1
[2022-09-03T17:55:21.266] [DEBUG] cheese - null
[2022-09-03T17:55:21.266] [DEBUG] cheese - null
[2022-09-03T17:55:22.633] [DEBUG] cheese - null
[2022-09-03T17:55:22.635] [DEBUG] cheese - null
[2022-09-03T17:55:29.402] [DEBUG] cheese - login => username:admin,password:123456
[2022-09-03T17:55:29.402] [DEBUG] cheese - admin
[2022-09-03T17:55:29.404] [DEBUG] cheese - null
[2022-09-03T17:55:29.404] [DEBUG] cheese - null
[2022-09-03T19:32:49.245] [DEBUG] cheese - login => username:admin,password:123456
[2022-09-03T19:32:49.246] [DEBUG] cheese - admin
[2022-09-03T19:32:49.254] [DEBUG] cheese - null
[2022-09-03T19:32:49.255] [DEBUG] cheese - null
[2022-09-03T20:55:56.591] [DEBUG] cheese - login => username:admin,password:123456
[2022-09-03T20:55:56.592] [DEBUG] cheese - admin
[2022-09-03T20:55:56.596] [DEBUG] cheese - null
[2022-09-03T20:55:56.596] [DEBUG] cheese - null
[2022-09-03T21:16:12.060] [DEBUG] cheese - login => username:admin,password:123456
[2022-09-03T21:16:12.061] [DEBUG] cheese - admin
[2022-09-03T21:16:12.064] [DEBUG] cheese - null
[2022-09-03T21:16:12.065] [DEBUG] cheese - null
[2022-09-04T08:19:47.037] [DEBUG] cheese - login => username:admin,password:123456
[2022-09-04T08:19:47.038] [DEBUG] cheese - admin
[2022-09-04T08:19:47.052] [DEBUG] cheese - null
[2022-09-04T08:19:47.053] [DEBUG] cheese - null
[2022-09-04T10:59:05.827] [DEBUG] cheese - login => username:admin,password:123456
[2022-09-04T10:59:05.828] [DEBUG] cheese - admin
[2022-09-04T10:59:05.831] [DEBUG] cheese - null
[2022-09-04T10:59:05.832] [DEBUG] cheese - null
[2022-09-04T11:16:38.405] [DEBUG] cheese - null
[2022-09-04T11:38:22.573] [DEBUG] cheese - login => username:牛马4号,password:123456
[2022-09-04T11:38:22.574] [DEBUG] cheese - 牛马4号
[2022-09-04T11:38:22.580] [DEBUG] cheese - null
[2022-09-04T11:38:22.580] [DEBUG] cheese - null
[2022-09-04T11:38:44.788] [DEBUG] cheese - login => username:诸葛村夫2,password:123456
[2022-09-04T11:38:44.788] [DEBUG] cheese - 诸葛村夫2
[2022-09-04T11:38:44.790] [DEBUG] cheese - null
[2022-09-04T11:38:44.791] [DEBUG] cheese - null
[2022-09-04T11:38:51.257] [DEBUG] cheese - null
[2022-09-04T11:38:51.259] [DEBUG] cheese - null
[2022-09-04T11:38:55.947] [DEBUG] cheese - null
[2022-09-04T11:38:55.949] [DEBUG] cheese - null
[2022-09-04T11:38:59.730] [DEBUG] cheese - null
[2022-09-04T11:38:59.732] [DEBUG] cheese - null
[2022-09-04T11:39:00.732] [DEBUG] cheese - null
[2022-09-04T11:39:00.733] [DEBUG] cheese - null
[2022-09-04T11:39:01.817] [DEBUG] cheese - null
[2022-09-04T11:39:01.819] [DEBUG] cheese - null
[2022-09-04T11:39:03.476] [DEBUG] cheese - null
[2022-09-04T11:39:03.478] [DEBUG] cheese - null
[2022-09-04T11:39:10.591] [DEBUG] cheese - null
[2022-09-04T11:39:10.593] [DEBUG] cheese - null
[2022-09-04T11:39:10.611] [DEBUG] cheese - null
[2022-09-04T11:39:10.612] [DEBUG] cheese - null
[2022-09-04T11:39:12.030] [DEBUG] cheese - null
[2022-09-04T11:39:12.032] [DEBUG] cheese - null
[2022-09-04T11:39:14.105] [DEBUG] cheese - null
[2022-09-04T11:39:14.107] [DEBUG] cheese - null
[2022-09-04T11:39:14.116] [DEBUG] cheese - null
[2022-09-04T11:39:14.118] [DEBUG] cheese - null
[2022-09-04T11:39:22.164] [DEBUG] cheese - null
[2022-09-04T11:39:22.167] [DEBUG] cheese - null
[2022-09-04T11:39:25.693] [DEBUG] cheese - null
[2022-09-04T11:39:25.695] [DEBUG] cheese - null
[2022-09-04T11:39:42.640] [DEBUG] cheese - null
[2022-09-04T11:39:42.642] [DEBUG] cheese - null
[2022-09-04T11:39:51.878] [DEBUG] cheese - login => username:admin,password:123456
[2022-09-04T11:39:51.878] [DEBUG] cheese - admin
[2022-09-04T11:39:51.881] [DEBUG] cheese - null
[2022-09-04T11:39:51.882] [DEBUG] cheese - null
[2022-09-04T23:35:22.995] [DEBUG] cheese - login => username:admin,password:123456
[2022-09-04T23:35:22.996] [DEBUG] cheese - admin
[2022-09-04T23:35:23.012] [DEBUG] cheese - null
[2022-09-04T23:35:23.012] [DEBUG] cheese - null
[2022-09-05T08:24:49.243] [DEBUG] cheese - login => username:admin,password:123456
[2022-09-05T08:24:49.244] [DEBUG] cheese - admin
[2022-09-05T08:24:49.253] [DEBUG] cheese - null
[2022-09-05T08:24:49.254] [DEBUG] cheese - null
[2022-09-05T18:38:09.677] [DEBUG] cheese - login => username:admin,password:123456
[2022-09-05T18:38:09.678] [DEBUG] cheese - admin
[2022-09-05T18:38:09.682] [DEBUG] cheese - null
[2022-09-05T18:38:09.682] [DEBUG] cheese - null
[2022-09-05T23:11:25.830] [DEBUG] cheese - login => username:admin,password:123456
[2022-09-05T23:11:25.831] [DEBUG] cheese - admin
[2022-09-05T23:11:25.845] [DEBUG] cheese - null
[2022-09-05T23:11:25.845] [DEBUG] cheese - null
[2022-09-05T23:26:31.339] [DEBUG] cheese - null
[2022-09-06T08:24:37.783] [DEBUG] cheese - login => username:admin,password:123456
[2022-09-06T08:24:37.784] [DEBUG] cheese - admin
[2022-09-06T08:24:37.793] [DEBUG] cheese - null
[2022-09-06T08:24:37.794] [DEBUG] cheese - null
[2022-09-06T17:27:27.480] [DEBUG] cheese - login => username:admin,password:123456
[2022-09-06T17:27:27.481] [DEBUG] cheese - admin
[2022-09-06T17:27:27.485] [DEBUG] cheese - null
[2022-09-06T17:27:27.485] [DEBUG] cheese - null
[2022-09-06T21:25:12.056] [DEBUG] cheese - login => username:admin,password:123456
[2022-09-06T21:25:12.057] [DEBUG] cheese - admin
[2022-09-06T21:25:12.080] [DEBUG] cheese - null
[2022-09-06T21:25:12.080] [DEBUG] cheese - null
[2022-09-07T01:05:46.500] [DEBUG] cheese - null
[2022-09-07T01:09:06.813] [DEBUG] cheese - null
[2022-09-07T01:09:44.888] [DEBUG] cheese - null
[2022-09-07T01:09:50.226] [DEBUG] cheese - null
[2022-09-07T01:13:13.703] [DEBUG] cheese - null
[2022-09-07T10:21:44.554] [DEBUG] cheese - login => username:admin,password:123456
[2022-09-07T10:21:44.555] [DEBUG] cheese - admin
[2022-09-07T10:21:44.565] [DEBUG] cheese - null
[2022-09-07T10:21:44.565] [DEBUG] cheese - null
[2022-09-07T13:01:33.167] [DEBUG] cheese - null
[2022-09-07T13:01:48.998] [DEBUG] cheese - null
[2022-09-07T13:04:41.760] [DEBUG] cheese - null
[2022-09-07T13:05:07.075] [DEBUG] cheese - null
[2022-09-07T13:05:18.680] [DEBUG] cheese - null
[2022-09-07T13:06:12.653] [DEBUG] cheese - null
[2022-09-07T13:06:24.354] [DEBUG] cheese - null
[2022-09-07T13:07:43.866] [DEBUG] cheese - null
[2022-09-07T13:09:27.048] [DEBUG] cheese - null
[2022-09-07T13:10:02.197] [DEBUG] cheese - null
[2022-09-07T13:10:08.216] [DEBUG] cheese - null
[2022-09-07T13:10:08.708] [DEBUG] cheese - null
[2022-09-07T13:12:30.479] [DEBUG] cheese - null
[2022-09-07T13:13:31.979] [DEBUG] cheese - null
[2022-09-07T15:03:22.636] [DEBUG] cheese - login => username:admin,password:123456
[2022-09-07T15:03:22.637] [DEBUG] cheese - admin
[2022-09-07T15:03:22.732] [DEBUG] cheese - null
[2022-09-07T15:03:22.733] [DEBUG] cheese - null
[2022-09-07T15:10:04.973] [DEBUG] cheese - null
[2022-09-07T15:10:30.606] [DEBUG] cheese - null
[2022-09-07T16:03:07.045] [DEBUG] cheese - null
[2022-09-07T16:12:12.068] [DEBUG] cheese - null
[2022-09-07T16:17:59.094] [DEBUG] cheese - null
[2022-09-07T17:08:48.140] [DEBUG] cheese - null
[2022-09-08T08:38:29.275] [DEBUG] cheese - login => username:admin,password:123456
[2022-09-08T08:38:29.276] [DEBUG] cheese - admin
[2022-09-08T08:38:29.371] [DEBUG] cheese - null
[2022-09-08T08:38:29.371] [DEBUG] cheese - null
[2022-09-08T11:23:15.333] [DEBUG] cheese - null
[2022-09-08T11:25:31.194] [DEBUG] cheese - login => username:admin,password:123456
[2022-09-08T11:25:31.195] [DEBUG] cheese - admin
[2022-09-08T11:25:31.206] [DEBUG] cheese - null
[2022-09-08T11:25:31.206] [DEBUG] cheese - null
[2022-09-08T11:28:00.214] [DEBUG] cheese - null
[2022-09-08T11:30:57.328] [DEBUG] cheese - null
[2022-09-08T11:31:57.430] [DEBUG] cheese - null
[2022-09-08T11:33:17.936] [DEBUG] cheese - login => username:admin,password:123456
[2022-09-08T11:33:17.937] [DEBUG] cheese - admin
[2022-09-08T11:33:17.945] [DEBUG] cheese - null
[2022-09-08T11:33:17.945] [DEBUG] cheese - null
[2022-09-08T11:36:35.840] [DEBUG] cheese - null
[2022-09-08T13:45:35.927] [DEBUG] cheese - login => username:admin,password:123456
[2022-09-08T13:45:35.928] [DEBUG] cheese - admin
[2022-09-08T13:45:35.931] [DEBUG] cheese - null
[2022-09-08T13:45:35.931] [DEBUG] cheese - null
[2022-09-08T13:45:56.997] [DEBUG] cheese - null
[2022-09-08T13:46:51.369] [DEBUG] cheese - null
